<?xml version="1.0" encoding="UTF-8"?>
<testsuite name="CsvTest" tests="2" skipped="0" failures="0" errors="0" timestamp="2021-02-22T08:19:07" hostname="StefanMBP.local" time="0.025">
  <properties/>
  <testcase name="testCsvDataToWrite" classname="CsvTest" time="0.024"/>
  <testcase name="testCsvRead" classname="CsvTest" time="0.001"/>
  <system-out><![CDATA[]]></system-out>
  <system-err><![CDATA[]]></system-err>
</testsuite>
